{
"contracts\\Voting.sol":{"l":{"43":17,"44":15,"52":3,"56":0,"63":11,"64":11,"66":11,"67":11,"75":7,"76":7,"79":5,"80":5,"81":5,"82":5,"88":5,"89":5,"90":3,"92":3,"93":3,"94":3,"96":3,"103":7,"104":7,"105":7,"109":3,"110":3,"111":3,"115":3,"116":3,"117":3,"121":1,"122":1,"123":1,"128":0,"129":0,"130":0,"131":0,"132":0,"135":0,"137":0,"138":0},"path":"C:\\Users\\Martin\\OneDrive\\Bureau\\test-voting\\contracts\\Voting.sol","s":{"1":17,"2":3,"3":0,"4":11,"5":11,"6":11,"7":11,"8":7,"9":7,"10":5,"11":5,"12":5,"13":5,"14":5,"15":5,"16":3,"17":3,"18":3,"19":3,"20":7,"21":7,"22":7,"23":3,"24":3,"25":3,"26":3,"27":3,"28":3,"29":1,"30":1,"31":1,"32":0,"33":0,"34":0,"35":0,"36":0,"37":0,"38":0,"39":0},"b":{"1":[15,2],"2":[11,0],"3":[11,0],"4":[7,0],"5":[5,2],"6":[5,0],"7":[3,2],"8":[3,0],"9":[7,0],"10":[3,0],"11":[3,0],"12":[1,0],"13":[0,0],"14":[0,0]},"f":{"1":17,"2":3,"3":0,"4":11,"5":7,"6":5,"7":7,"8":3,"9":3,"10":1,"11":0},"fnMap":{"1":{"name":"onlyVoters","line":42,"loc":{"start":{"line":42,"column":4},"end":{"line":45,"column":4}}},"2":{"name":"getVoter","line":51,"loc":{"start":{"line":51,"column":4},"end":{"line":53,"column":4}}},"3":{"name":"getOneProposal","line":55,"loc":{"start":{"line":55,"column":4},"end":{"line":57,"column":4}}},"4":{"name":"addVoter","line":62,"loc":{"start":{"line":62,"column":4},"end":{"line":69,"column":4}}},"5":{"name":"addProposal","line":74,"loc":{"start":{"line":74,"column":4},"end":{"line":83,"column":4}}},"6":{"name":"setVote","line":87,"loc":{"start":{"line":87,"column":4},"end":{"line":97,"column":4}}},"7":{"name":"startProposalsRegistering","line":102,"loc":{"start":{"line":102,"column":4},"end":{"line":106,"column":4}}},"8":{"name":"endProposalsRegistering","line":108,"loc":{"start":{"line":108,"column":4},"end":{"line":112,"column":4}}},"9":{"name":"startVotingSession","line":114,"loc":{"start":{"line":114,"column":4},"end":{"line":118,"column":4}}},"10":{"name":"endVotingSession","line":120,"loc":{"start":{"line":120,"column":4},"end":{"line":124,"column":4}}},"11":{"name":"tallyVotes","line":127,"loc":{"start":{"line":127,"column":3},"end":{"line":139,"column":4}}}},"statementMap":{"1":{"start":{"line":43,"column":8},"end":{"line":43,"column":69}},"2":{"start":{"line":52,"column":8},"end":{"line":52,"column":28}},"3":{"start":{"line":56,"column":8},"end":{"line":56,"column":34}},"4":{"start":{"line":63,"column":8},"end":{"line":63,"column":105}},"5":{"start":{"line":64,"column":8},"end":{"line":64,"column":72}},"6":{"start":{"line":66,"column":8},"end":{"line":66,"column":40}},"7":{"start":{"line":67,"column":8},"end":{"line":67,"column":35}},"8":{"start":{"line":75,"column":8},"end":{"line":75,"column":110}},"9":{"start":{"line":76,"column":8},"end":{"line":76,"column":112}},"10":{"start":{"line":79,"column":8},"end":{"line":79,"column":32}},"11":{"start":{"line":80,"column":8},"end":{"line":80,"column":35}},"12":{"start":{"line":81,"column":8},"end":{"line":81,"column":36}},"13":{"start":{"line":82,"column":8},"end":{"line":82,"column":56}},"14":{"start":{"line":88,"column":8},"end":{"line":88,"column":106}},"15":{"start":{"line":89,"column":8},"end":{"line":89,"column":77}},"16":{"start":{"line":90,"column":8},"end":{"line":90,"column":65}},"17":{"start":{"line":92,"column":8},"end":{"line":92,"column":47}},"18":{"start":{"line":93,"column":8},"end":{"line":93,"column":41}},"19":{"start":{"line":96,"column":8},"end":{"line":96,"column":35}},"20":{"start":{"line":103,"column":8},"end":{"line":103,"column":111}},"21":{"start":{"line":104,"column":8},"end":{"line":104,"column":67}},"22":{"start":{"line":105,"column":8},"end":{"line":105,"column":112}},"23":{"start":{"line":109,"column":8},"end":{"line":109,"column":121}},"24":{"start":{"line":110,"column":8},"end":{"line":110,"column":65}},"25":{"start":{"line":111,"column":8},"end":{"line":111,"column":121}},"26":{"start":{"line":115,"column":8},"end":{"line":115,"column":122}},"27":{"start":{"line":116,"column":8},"end":{"line":116,"column":59}},"28":{"start":{"line":117,"column":8},"end":{"line":117,"column":113}},"29":{"start":{"line":121,"column":8},"end":{"line":121,"column":106}},"30":{"start":{"line":122,"column":8},"end":{"line":122,"column":57}},"31":{"start":{"line":123,"column":8},"end":{"line":123,"column":105}},"32":{"start":{"line":128,"column":7},"end":{"line":128,"column":112}},"33":{"start":{"line":129,"column":7},"end":{"line":129,"column":30}},"34":{"start":{"line":130,"column":6},"end":{"line":130,"column":4674}},"35":{"start":{"line":131,"column":11},"end":{"line":131,"column":4742}},"36":{"start":{"line":132,"column":15},"end":{"line":132,"column":36}},"37":{"start":{"line":135,"column":7},"end":{"line":135,"column":44}},"38":{"start":{"line":137,"column":7},"end":{"line":137,"column":50}},"39":{"start":{"line":138,"column":7},"end":{"line":138,"column":96}}},"branchMap":{"1":{"line":43,"type":"if","locations":[{"start":{"line":43,"column":8},"end":{"line":43,"column":8}},{"start":{"line":43,"column":8},"end":{"line":43,"column":8}}]},"2":{"line":63,"type":"if","locations":[{"start":{"line":63,"column":8},"end":{"line":63,"column":8}},{"start":{"line":63,"column":8},"end":{"line":63,"column":8}}]},"3":{"line":64,"type":"if","locations":[{"start":{"line":64,"column":8},"end":{"line":64,"column":8}},{"start":{"line":64,"column":8},"end":{"line":64,"column":8}}]},"4":{"line":75,"type":"if","locations":[{"start":{"line":75,"column":8},"end":{"line":75,"column":8}},{"start":{"line":75,"column":8},"end":{"line":75,"column":8}}]},"5":{"line":76,"type":"if","locations":[{"start":{"line":76,"column":8},"end":{"line":76,"column":8}},{"start":{"line":76,"column":8},"end":{"line":76,"column":8}}]},"6":{"line":88,"type":"if","locations":[{"start":{"line":88,"column":8},"end":{"line":88,"column":8}},{"start":{"line":88,"column":8},"end":{"line":88,"column":8}}]},"7":{"line":89,"type":"if","locations":[{"start":{"line":89,"column":8},"end":{"line":89,"column":8}},{"start":{"line":89,"column":8},"end":{"line":89,"column":8}}]},"8":{"line":90,"type":"if","locations":[{"start":{"line":90,"column":8},"end":{"line":90,"column":8}},{"start":{"line":90,"column":8},"end":{"line":90,"column":8}}]},"9":{"line":103,"type":"if","locations":[{"start":{"line":103,"column":8},"end":{"line":103,"column":8}},{"start":{"line":103,"column":8},"end":{"line":103,"column":8}}]},"10":{"line":109,"type":"if","locations":[{"start":{"line":109,"column":8},"end":{"line":109,"column":8}},{"start":{"line":109,"column":8},"end":{"line":109,"column":8}}]},"11":{"line":115,"type":"if","locations":[{"start":{"line":115,"column":8},"end":{"line":115,"column":8}},{"start":{"line":115,"column":8},"end":{"line":115,"column":8}}]},"12":{"line":121,"type":"if","locations":[{"start":{"line":121,"column":8},"end":{"line":121,"column":8}},{"start":{"line":121,"column":8},"end":{"line":121,"column":8}}]},"13":{"line":128,"type":"if","locations":[{"start":{"line":128,"column":7},"end":{"line":128,"column":7}},{"start":{"line":128,"column":7},"end":{"line":128,"column":7}}]},"14":{"line":131,"type":"if","locations":[{"start":{"line":131,"column":11},"end":{"line":131,"column":11}},{"start":{"line":131,"column":11},"end":{"line":131,"column":11}}]}}}}
