TN:
SF:C:\Users\Martin\OneDrive\Bureau\test-voting\contracts\Voting.sol
FN:42,onlyVoters
FN:51,getVoter
FN:55,getOneProposal
FN:62,addVoter
FN:74,addProposal
FN:87,setVote
FN:102,startProposalsRegistering
FN:108,endProposalsRegistering
FN:114,startVotingSession
FN:120,endVotingSession
FN:127,tallyVotes
FNF:11
FNH:9
FNDA:17,onlyVoters
FNDA:3,getVoter
FNDA:0,getOneProposal
FNDA:11,addVoter
FNDA:7,addProposal
FNDA:5,setVote
FNDA:7,startProposalsRegistering
FNDA:3,endProposalsRegistering
FNDA:3,startVotingSession
FNDA:1,endVotingSession
FNDA:0,tallyVotes
DA:43,17
DA:44,15
DA:52,3
DA:56,0
DA:63,11
DA:64,11
DA:66,11
DA:67,11
DA:75,7
DA:76,7
DA:79,5
DA:80,5
DA:81,5
DA:82,5
DA:88,5
DA:89,5
DA:90,3
DA:92,3
DA:93,3
DA:94,3
DA:96,3
DA:103,7
DA:104,7
DA:105,7
DA:109,3
DA:110,3
DA:111,3
DA:115,3
DA:116,3
DA:117,3
DA:121,1
DA:122,1
DA:123,1
DA:128,0
DA:129,0
DA:130,0
DA:131,0
DA:132,0
DA:135,0
DA:137,0
DA:138,0
LF:41
LH:32
BRDA:43,1,0,15
BRDA:43,1,1,2
BRDA:63,2,0,11
BRDA:63,2,1,0
BRDA:64,3,0,11
BRDA:64,3,1,0
BRDA:75,4,0,7
BRDA:75,4,1,0
BRDA:76,5,0,5
BRDA:76,5,1,2
BRDA:88,6,0,5
BRDA:88,6,1,0
BRDA:89,7,0,3
BRDA:89,7,1,2
BRDA:90,8,0,3
BRDA:90,8,1,0
BRDA:103,9,0,7
BRDA:103,9,1,0
BRDA:109,10,0,3
BRDA:109,10,1,0
BRDA:115,11,0,3
BRDA:115,11,1,0
BRDA:121,12,0,1
BRDA:121,12,1,0
BRDA:128,13,0,0
BRDA:128,13,1,0
BRDA:131,14,0,0
BRDA:131,14,1,0
BRF:28
BRH:15
end_of_record
